<?xml version="1.0" encoding="UTF-8"?>
<!-- Generated by org.testng.reporters.JUnitXMLReporter -->
<testsuite ignored="0" hostname="USBLRPANARASIM9" failures="2" tests="2" name="Error Validation Test" time="34.92" errors="0" timestamp="09 Dec 2024 04:23:44 GMT">
  <testcase classname="rahulshettyacademy.test.errorValidationsTest" name="logincase" time="3.993">
    <failure type="java.lang.AssertionError" message="expected [Incorfdret email or password.] but found [Incorrect email or password.]">
      <![CDATA[java.lang.AssertionError: expected [Incorfdret email or password.] but found [Incorrect email or password.]
at rahulshettyacademy.test.errorValidationsTest.logincase(errorValidationsTest.java:16)
at java.base/java.util.concurrent.FutureTask.run(FutureTask.java:317)
at java.base/java.util.concurrent.ThreadPoolExecutor.runWorker(ThreadPoolExecutor.java:1144)
at java.base/java.util.concurrent.ThreadPoolExecutor$Worker.run(ThreadPoolExecutor.java:642)
at java.base/java.lang.Thread.run(Thread.java:1583)
... Removed 20 stack frames]]>
    </failure>
  </testcase> <!-- logincase -->
  <testcase classname="rahulshettyacademy.test.errorValidationsTest" name="prodcutErrorValidation" time="2.274">
    <failure type="java.lang.NullPointerException" message="Cannot invoke &amp;quot;org.openqa.selenium.WebElement.findElement(org.openqa.selenium.By)&amp;quot; because &amp;quot;prod&amp;quot; is null">
      <![CDATA[java.lang.NullPointerException: Cannot invoke "org.openqa.selenium.WebElement.findElement(org.openqa.selenium.By)" because "prod" is null
at rahulshettyacademy.pageobjects.productCatalogue.addProductToCart(productCatalogue.java:51)
at rahulshettyacademy.test.errorValidationsTest.prodcutErrorValidation(errorValidationsTest.java:26)
at java.base/java.util.concurrent.FutureTask.run(FutureTask.java:317)
at java.base/java.util.concurrent.ThreadPoolExecutor.runWorker(ThreadPoolExecutor.java:1144)
at java.base/java.util.concurrent.ThreadPoolExecutor$Worker.run(ThreadPoolExecutor.java:642)
at java.base/java.lang.Thread.run(Thread.java:1583)
... Removed 14 stack frames]]>
    </failure>
  </testcase> <!-- prodcutErrorValidation -->
</testsuite> <!-- Error Validation Test -->
